<?xml version="1.0" encoding="UTF-8"?>
<testng-results ignored="1" total="2" passed="1" failed="0" skipped="0">
  <reporter-output>
  </reporter-output>
  <suite started-at="2024-02-29T19:06:25Z" name="Default suite" finished-at="2024-02-29T19:06:32Z" duration-ms="7156">
    <groups>
    </groups>
    <test started-at="2024-02-29T19:06:25Z" name="Default test" finished-at="2024-02-29T19:06:32Z" duration-ms="7156">
      <class name="com.orangeHR.LoginTestPOM">
        <test-method is-config="true" signature="beforeTest()[pri:0, instance:com.orangeHR.LoginTestPOM@6c2c1385]" started-at="2024-02-29T19:06:25Z" name="beforeTest" finished-at="2024-02-29T19:06:27Z" duration-ms="2118" status="PASS">
          <reporter-output>
          </reporter-output>
        </test-method> <!-- beforeTest -->
        <test-method signature="TC002POM()[pri:0, instance:com.orangeHR.LoginTestPOM@6c2c1385]" started-at="2024-02-29T19:06:27Z" name="TC002POM" finished-at="2024-02-29T19:06:32Z" duration-ms="4999" status="PASS">
          <reporter-output>
          </reporter-output>
        </test-method> <!-- TC002POM -->
        <test-method is-config="true" signature="afterTest()[pri:0, instance:com.orangeHR.LoginTestPOM@6c2c1385]" started-at="2024-02-29T19:06:32Z" name="afterTest" finished-at="2024-02-29T19:06:32Z" duration-ms="29" status="PASS">
          <reporter-output>
          </reporter-output>
        </test-method> <!-- afterTest -->
      </class> <!-- com.orangeHR.LoginTestPOM -->
    </test> <!-- Default test -->
  </suite> <!-- Default suite -->
</testng-results>
